{"C:\\Users\\jiten\\Downloads\\project\\backend\\issuance\\src\\index.ts": {"path":"C:\\Users\\jiten\\Downloads\\project\\backend\\issuance\\src\\index.ts","statementMap":{"0":{"start":{"line":1,"column":0},"end":{"line":1,"column":47}},"1":{"start":{"line":2,"column":0},"end":{"line":2,"column":24}},"2":{"start":{"line":3,"column":0},"end":{"line":3,"column":28}},"3":{"start":{"line":4,"column":0},"end":{"line":4,"column":24}},"4":{"start":{"line":5,"column":0},"end":{"line":5,"column":39}},"5":{"start":{"line":6,"column":0},"end":{"line":6,"column":53}},"6":{"start":{"line":7,"column":0},"end":{"line":7,"column":75}},"7":{"start":{"line":10,"column":0},"end":{"line":10,"column":60}},"8":{"start":{"line":12,"column":25},"end":{"line":12,"column":34}},"9":{"start":{"line":13,"column":13},"end":{"line":13,"column":37}},"10":{"start":{"line":15,"column":0},"end":{"line":15,"column":16}},"11":{"start":{"line":16,"column":0},"end":{"line":16,"column":24}},"12":{"start":{"line":17,"column":0},"end":{"line":17,"column":48}},"13":{"start":{"line":19,"column":0},"end":{"line":19,"column":32}},"14":{"start":{"line":21,"column":0},"end":{"line":21,"column":25}},"15":{"start":{"line":22,"column":0},"end":{"line":22,"column":22}},"16":{"start":{"line":24,"column":20},"end":{"line":36,"column":1}},"17":{"start":{"line":25,"column":2},"end":{"line":35,"column":3}},"18":{"start":{"line":26,"column":4},"end":{"line":26,"column":22}},"19":{"start":{"line":28,"column":4},"end":{"line":31,"column":7}},"20":{"start":{"line":29,"column":6},"end":{"line":29,"column":62}},"21":{"start":{"line":30,"column":6},"end":{"line":30,"column":71}},"22":{"start":{"line":33,"column":4},"end":{"line":33,"column":52}},"23":{"start":{"line":34,"column":4},"end":{"line":34,"column":20}},"24":{"start":{"line":38,"column":0},"end":{"line":38,"column":14}},"25":{"start":{"line":40,"column":0},"end":{"line":40,"column":19}}},"fnMap":{"0":{"name":"(anonymous_1)","decl":{"start":{"line":24,"column":20},"end":{"line":24,"column":25}},"loc":{"start":{"line":24,"column":31},"end":{"line":36,"column":1}}},"1":{"name":"(anonymous_2)","decl":{"start":{"line":28,"column":21},"end":{"line":28,"column":24}},"loc":{"start":{"line":28,"column":26},"end":{"line":31,"column":5}}}},"branchMap":{"0":{"loc":{"start":{"line":13,"column":13},"end":{"line":13,"column":37}},"type":"binary-expr","locations":[{"start":{"line":13,"column":13},"end":{"line":13,"column":29}},{"start":{"line":13,"column":33},"end":{"line":13,"column":37}}]},"1":{"loc":{"start":{"line":30,"column":32},"end":{"line":30,"column":67}},"type":"binary-expr","locations":[{"start":{"line":30,"column":32},"end":{"line":30,"column":53}},{"start":{"line":30,"column":57},"end":{"line":30,"column":67}}]}},"s":{"0":0,"1":0,"2":0,"3":0,"4":0,"5":0,"6":0,"7":0,"8":0,"9":0,"10":0,"11":0,"12":0,"13":0,"14":0,"15":0,"16":0,"17":0,"18":0,"19":0,"20":0,"21":0,"22":0,"23":0,"24":0,"25":0},"f":{"0":0,"1":0},"b":{"0":[0,0],"1":[0,0]}}
,"C:\\Users\\jiten\\Downloads\\project\\backend\\issuance\\src\\controllers\\issuanceController.ts": {"path":"C:\\Users\\jiten\\Downloads\\project\\backend\\issuance\\src\\controllers\\issuanceController.ts","statementMap":{"0":{"start":{"line":2,"column":0},"end":{"line":2,"column":46}},"1":{"start":{"line":4,"column":20},"end":{"line":4,"column":61}},"2":{"start":{"line":4,"column":26},"end":{"line":4,"column":61}},"3":{"start":{"line":6,"column":31},"end":{"line":63,"column":1}},"4":{"start":{"line":11,"column":2},"end":{"line":62,"column":3}},"5":{"start":{"line":12,"column":91},"end":{"line":12,"column":99}},"6":{"start":{"line":14,"column":4},"end":{"line":20,"column":5}},"7":{"start":{"line":15,"column":6},"end":{"line":18,"column":9}},"8":{"start":{"line":19,"column":6},"end":{"line":19,"column":13}},"9":{"start":{"line":22,"column":31},"end":{"line":22,"column":73}},"10":{"start":{"line":24,"column":4},"end":{"line":32,"column":5}},"11":{"start":{"line":25,"column":6},"end":{"line":30,"column":9}},"12":{"start":{"line":31,"column":6},"end":{"line":31,"column":13}},"13":{"start":{"line":34,"column":26},"end":{"line":42,"column":6}},"14":{"start":{"line":44,"column":4},"end":{"line":44,"column":31}},"15":{"start":{"line":46,"column":4},"end":{"line":59,"column":7}},"16":{"start":{"line":61,"column":4},"end":{"line":61,"column":16}},"17":{"start":{"line":6,"column":13},"end":{"line":6,"column":31}},"18":{"start":{"line":65,"column":27},"end":{"line":75,"column":1}},"19":{"start":{"line":69,"column":2},"end":{"line":74,"column":5}},"20":{"start":{"line":65,"column":13},"end":{"line":65,"column":27}}},"fnMap":{"0":{"name":"(anonymous_1)","decl":{"start":{"line":4,"column":20},"end":{"line":4,"column":23}},"loc":{"start":{"line":4,"column":26},"end":{"line":4,"column":61}}},"1":{"name":"(anonymous_2)","decl":{"start":{"line":6,"column":31},"end":{"line":6,"column":36}},"loc":{"start":{"line":10,"column":19},"end":{"line":63,"column":1}}},"2":{"name":"(anonymous_3)","decl":{"start":{"line":65,"column":27},"end":{"line":65,"column":32}},"loc":{"start":{"line":68,"column":19},"end":{"line":75,"column":1}}}},"branchMap":{"0":{"loc":{"start":{"line":4,"column":26},"end":{"line":4,"column":61}},"type":"binary-expr","locations":[{"start":{"line":4,"column":26},"end":{"line":4,"column":47}},{"start":{"line":4,"column":51},"end":{"line":4,"column":61}}]},"1":{"loc":{"start":{"line":14,"column":4},"end":{"line":20,"column":5}},"type":"if","locations":[{"start":{"line":14,"column":4},"end":{"line":20,"column":5}}]},"2":{"loc":{"start":{"line":14,"column":8},"end":{"line":14,"column":70}},"type":"binary-expr","locations":[{"start":{"line":14,"column":8},"end":{"line":14,"column":21}},{"start":{"line":14,"column":25},"end":{"line":14,"column":36}},{"start":{"line":14,"column":40},"end":{"line":14,"column":51}},{"start":{"line":14,"column":55},"end":{"line":14,"column":70}}]},"3":{"loc":{"start":{"line":24,"column":4},"end":{"line":32,"column":5}},"type":"if","locations":[{"start":{"line":24,"column":4},"end":{"line":32,"column":5}}]},"4":{"loc":{"start":{"line":39,"column":18},"end":{"line":39,"column":63}},"type":"cond-expr","locations":[{"start":{"line":39,"column":31},"end":{"line":39,"column":51}},{"start":{"line":39,"column":54},"end":{"line":39,"column":63}}]}},"s":{"0":1,"1":1,"2":2,"3":1,"4":2,"5":2,"6":2,"7":0,"8":0,"9":2,"10":2,"11":1,"12":1,"13":1,"14":1,"15":1,"16":0,"17":1,"18":1,"19":0,"20":1},"f":{"0":2,"1":2,"2":0},"b":{"0":[2,0],"1":[0],"2":[2,2,2,2],"3":[1],"4":[0,1]}}
,"C:\\Users\\jiten\\Downloads\\project\\backend\\issuance\\src\\middlewares\\errorHandler.ts": {"path":"C:\\Users\\jiten\\Downloads\\project\\backend\\issuance\\src\\middlewares\\errorHandler.ts","statementMap":{"0":{"start":{"line":7,"column":28},"end":{"line":23,"column":1}},"1":{"start":{"line":13,"column":2},"end":{"line":13,"column":31}},"2":{"start":{"line":15,"column":21},"end":{"line":15,"column":42}},"3":{"start":{"line":16,"column":18},"end":{"line":16,"column":56}},"4":{"start":{"line":18,"column":2},"end":{"line":22,"column":5}},"5":{"start":{"line":7,"column":13},"end":{"line":7,"column":28}},"6":{"start":{"line":25,"column":31},"end":{"line":34,"column":1}},"7":{"start":{"line":30,"column":2},"end":{"line":33,"column":5}},"8":{"start":{"line":25,"column":13},"end":{"line":25,"column":31}}},"fnMap":{"0":{"name":"(anonymous_0)","decl":{"start":{"line":7,"column":28},"end":{"line":7,"column":null}},"loc":{"start":{"line":12,"column":10},"end":{"line":23,"column":1}}},"1":{"name":"(anonymous_1)","decl":{"start":{"line":25,"column":31},"end":{"line":25,"column":null}},"loc":{"start":{"line":29,"column":10},"end":{"line":34,"column":1}}}},"branchMap":{"0":{"loc":{"start":{"line":15,"column":21},"end":{"line":15,"column":42}},"type":"binary-expr","locations":[{"start":{"line":15,"column":21},"end":{"line":15,"column":35}},{"start":{"line":15,"column":39},"end":{"line":15,"column":42}}]},"1":{"loc":{"start":{"line":16,"column":18},"end":{"line":16,"column":56}},"type":"binary-expr","locations":[{"start":{"line":16,"column":18},"end":{"line":16,"column":29}},{"start":{"line":16,"column":33},"end":{"line":16,"column":56}}]},"2":{"loc":{"start":{"line":21,"column":11},"end":{"line":21,"column":73}},"type":"cond-expr","locations":[{"start":{"line":21,"column":52},"end":{"line":21,"column":61}},{"start":{"line":21,"column":64},"end":{"line":21,"column":73}}]}},"s":{"0":0,"1":0,"2":0,"3":0,"4":0,"5":0,"6":0,"7":0,"8":0},"f":{"0":0,"1":0},"b":{"0":[0,0],"1":[0,0],"2":[0,0]}}
,"C:\\Users\\jiten\\Downloads\\project\\backend\\issuance\\src\\models\\Credential.ts": {"path":"C:\\Users\\jiten\\Downloads\\project\\backend\\issuance\\src\\models\\Credential.ts","statementMap":{"0":{"start":{"line":1,"column":0},"end":{"line":1,"column":54}},"1":{"start":{"line":16,"column":33},"end":{"line":53,"column":null}},"2":{"start":{"line":56,"column":0},"end":{"line":56,"column":75}}},"fnMap":{},"branchMap":{},"s":{"0":0,"1":0,"2":0},"f":{},"b":{}}
,"C:\\Users\\jiten\\Downloads\\project\\backend\\issuance\\src\\routes\\issuanceRoutes.ts": {"path":"C:\\Users\\jiten\\Downloads\\project\\backend\\issuance\\src\\routes\\issuanceRoutes.ts","statementMap":{"0":{"start":{"line":1,"column":0},"end":{"line":1,"column":33}},"1":{"start":{"line":2,"column":0},"end":{"line":2,"column":81}},"2":{"start":{"line":4,"column":15},"end":{"line":4,"column":23}},"3":{"start":{"line":6,"column":0},"end":{"line":6,"column":39}},"4":{"start":{"line":7,"column":0},"end":{"line":7,"column":35}},"5":{"start":{"line":9,"column":0},"end":{"line":9,"column":22}}},"fnMap":{},"branchMap":{},"s":{"0":0,"1":0,"2":0,"3":0,"4":0,"5":0},"f":{},"b":{}}
,"C:\\Users\\jiten\\Downloads\\project\\backend\\issuance\\src\\utils\\db.ts": {"path":"C:\\Users\\jiten\\Downloads\\project\\backend\\issuance\\src\\utils\\db.ts","statementMap":{"0":{"start":{"line":1,"column":0},"end":{"line":1,"column":32}},"1":{"start":{"line":2,"column":0},"end":{"line":2,"column":58}},"2":{"start":{"line":4,"column":45},"end":{"line":4,"column":49}},"3":{"start":{"line":6,"column":25},"end":{"line":36,"column":1}},"4":{"start":{"line":7,"column":2},"end":{"line":35,"column":3}},"5":{"start":{"line":8,"column":19},"end":{"line":8,"column":42}},"6":{"start":{"line":10,"column":4},"end":{"line":27,"column":5}},"7":{"start":{"line":12,"column":24},"end":{"line":12,"column":29}},"8":{"start":{"line":13,"column":21},"end":{"line":13,"column":38}},"9":{"start":{"line":14,"column":6},"end":{"line":14,"column":62}},"10":{"start":{"line":15,"column":6},"end":{"line":26,"column":7}},"11":{"start":{"line":16,"column":8},"end":{"line":18,"column":11}},"12":{"start":{"line":19,"column":8},"end":{"line":21,"column":10}},"13":{"start":{"line":23,"column":8},"end":{"line":25,"column":10}},"14":{"start":{"line":29,"column":4},"end":{"line":29,"column":37}},"15":{"start":{"line":31,"column":4},"end":{"line":31,"column":50}},"16":{"start":{"line":33,"column":4},"end":{"line":33,"column":54}},"17":{"start":{"line":34,"column":4},"end":{"line":34,"column":20}},"18":{"start":{"line":6,"column":13},"end":{"line":6,"column":25}},"19":{"start":{"line":38,"column":0},"end":{"line":40,"column":3}},"20":{"start":{"line":39,"column":2},"end":{"line":39,"column":38}},"21":{"start":{"line":42,"column":0},"end":{"line":44,"column":3}},"22":{"start":{"line":43,"column":2},"end":{"line":43,"column":41}},"23":{"start":{"line":46,"column":0},"end":{"line":52,"column":3}},"24":{"start":{"line":47,"column":2},"end":{"line":47,"column":36}},"25":{"start":{"line":48,"column":2},"end":{"line":50,"column":3}},"26":{"start":{"line":49,"column":4},"end":{"line":49,"column":30}},"27":{"start":{"line":51,"column":2},"end":{"line":51,"column":18}}},"fnMap":{"0":{"name":"(anonymous_1)","decl":{"start":{"line":6,"column":25},"end":{"line":6,"column":30}},"loc":{"start":{"line":6,"column":51},"end":{"line":36,"column":1}}},"1":{"name":"(anonymous_2)","decl":{"start":{"line":38,"column":39},"end":{"line":38,"column":42}},"loc":{"start":{"line":38,"column":44},"end":{"line":40,"column":1}}},"2":{"name":"(anonymous_3)","decl":{"start":{"line":42,"column":32},"end":{"line":42,"column":33}},"loc":{"start":{"line":42,"column":51},"end":{"line":44,"column":1}}},"3":{"name":"(anonymous_4)","decl":{"start":{"line":46,"column":21},"end":{"line":46,"column":26}},"loc":{"start":{"line":46,"column":32},"end":{"line":52,"column":1}}}},"branchMap":{"0":{"loc":{"start":{"line":10,"column":4},"end":{"line":27,"column":5}},"type":"if","locations":[{"start":{"line":10,"column":4},"end":{"line":27,"column":5}}]},"1":{"loc":{"start":{"line":48,"column":2},"end":{"line":50,"column":3}},"type":"if","locations":[{"start":{"line":48,"column":2},"end":{"line":50,"column":3}}]}},"s":{"0":0,"1":0,"2":0,"3":0,"4":0,"5":0,"6":0,"7":0,"8":0,"9":0,"10":0,"11":0,"12":0,"13":0,"14":0,"15":0,"16":0,"17":0,"18":0,"19":0,"20":0,"21":0,"22":0,"23":0,"24":0,"25":0,"26":0,"27":0},"f":{"0":0,"1":0,"2":0,"3":0},"b":{"0":[0],"1":[0]}}
}
