TN:
SF:src\index.ts
FN:23,(anonymous_1)
FN:27,(anonymous_2)
FNF:2
FNH:0
FNDA:0,(anonymous_1)
FNDA:0,(anonymous_2)
DA:1,0
DA:2,0
DA:3,0
DA:4,0
DA:5,0
DA:6,0
DA:7,0
DA:9,0
DA:11,0
DA:12,0
DA:14,0
DA:15,0
DA:16,0
DA:18,0
DA:20,0
DA:21,0
DA:23,0
DA:24,0
DA:25,0
DA:27,0
DA:28,0
DA:29,0
DA:32,0
DA:33,0
DA:37,0
DA:39,0
LF:26
LH:0
BRDA:12,0,0,0
BRDA:12,0,1,0
BRDA:29,1,0,0
BRDA:29,1,1,0
BRF:4
BRH:0
end_of_record
TN:
SF:src\controllers\verificationController.ts
FN:4,(anonymous_1)
FN:6,(anonymous_2)
FN:62,(anonymous_3)
FNF:3
FNH:2
FNDA:2,(anonymous_1)
FNDA:2,(anonymous_2)
FNDA:0,(anonymous_3)
DA:2,1
DA:4,2
DA:6,1
DA:11,2
DA:12,2
DA:14,2
DA:15,0
DA:19,0
DA:22,2
DA:24,2
DA:25,1
DA:32,1
DA:35,1
DA:37,1
DA:58,0
DA:62,1
DA:66,0
LF:17
LH:13
BRDA:4,0,0,2
BRDA:4,0,1,0
BRDA:14,1,0,0
BRDA:24,2,0,1
BRDA:35,3,0,1
BRDA:35,3,1,0
BRDA:40,4,0,0
BRDA:40,4,1,1
BRF:8
BRH:4
end_of_record
TN:
SF:src\middlewares\errorHandler.ts
FN:7,(anonymous_0)
FN:25,(anonymous_1)
FNF:2
FNH:0
FNDA:0,(anonymous_0)
FNDA:0,(anonymous_1)
DA:7,0
DA:13,0
DA:15,0
DA:16,0
DA:18,0
DA:25,0
DA:30,0
LF:7
LH:0
BRDA:15,0,0,0
BRDA:15,0,1,0
BRDA:16,1,0,0
BRDA:16,1,1,0
BRDA:21,2,0,0
BRDA:21,2,1,0
BRF:6
BRH:0
end_of_record
TN:
SF:src\models\Credential.ts
FNF:0
FNH:0
DA:1,0
DA:16,0
DA:56,0
LF:3
LH:0
BRF:0
BRH:0
end_of_record
TN:
SF:src\routes\verificationRoutes.ts
FNF:0
FNH:0
DA:1,0
DA:2,0
DA:4,0
DA:6,0
DA:7,0
DA:9,0
LF:6
LH:0
BRF:0
BRH:0
end_of_record
TN:
SF:src\utils\db.ts
FN:6,(anonymous_1)
FN:38,(anonymous_2)
FN:42,(anonymous_3)
FN:46,(anonymous_4)
FNF:4
FNH:0
FNDA:0,(anonymous_1)
FNDA:0,(anonymous_2)
FNDA:0,(anonymous_3)
FNDA:0,(anonymous_4)
DA:1,0
DA:2,0
DA:4,0
DA:6,0
DA:7,0
DA:8,0
DA:10,0
DA:12,0
DA:13,0
DA:14,0
DA:15,0
DA:16,0
DA:19,0
DA:23,0
DA:29,0
DA:31,0
DA:33,0
DA:34,0
DA:38,0
DA:39,0
DA:42,0
DA:43,0
DA:46,0
DA:47,0
DA:48,0
DA:49,0
DA:51,0
LF:27
LH:0
BRDA:10,0,0,0
BRDA:48,1,0,0
BRF:2
BRH:0
end_of_record
